#
# A fatal error has been detected by the Java Runtime Environment:
#
#  EXCEPTION_ACCESS_VIOLATION (0xc0000005) at pc=0x00007ffc8829b946, pid=13636, tid=17108
#
# JRE version: OpenJDK Runtime Environment (14.0.2+12) (build 14.0.2+12-46)
# Java VM: OpenJDK 64-Bit Server VM (14.0.2+12-46, mixed mode, tiered, compressed oops, g1 gc, windows-amd64)
# Problematic frame:
# V  [jvm.dll+0x10b946]
#
# No core dump will be written. Minidumps are not enabled by default on client versions of Windows
#
# If you would like to submit a bug report, please visit:
#   https://bugreport.java.com/bugreport/crash.jsp
#

---------------  S U M M A R Y ------------

Command Line: -XX:+ShowCodeDetailsInExceptionMessages -agentlib:jdwp=transport=dt_socket,suspend=y,address=localhost:64566 -javaagent:D:\Archivo de programas\java-2020-09\eclipse\configuration\org.eclipse.osgi\215\0\.cp\lib\javaagent-shaded.jar -Dfile.encoding=Cp1252 Tasks.Task4.main

Host: AMD Ryzen 5 2600 Six-Core Processor            , 12 cores, 15G,  Windows 10 , 64 bit Build 19041 (10.0.19041.928)
Time: Mon May  3 19:06:48 2021 Hora de verano romance elapsed time: 1006 seconds (0d 0h 16m 46s)

---------------  T H R E A D  ---------------

Current thread (0x000002089234e000):  JavaThread "main" [_thread_in_vm, id=17108, stack(0x0000007be6e00000,0x0000007be6f00000)]

Stack: [0x0000007be6e00000,0x0000007be6f00000],  sp=0x0000007be6efec58,  free space=1019k
Native frames: (J=compiled Java code, j=interpreted, Vv=VM code, C=native code)
V  [jvm.dll+0x10b946]

Java frames: (J=compiled Java code, j=interpreted, Vv=VM code)
j  Tasks.Task4.main.main([Ljava/lang/String;)V+153
v  ~StubRoutines::call_stub

siginfo: EXCEPTION_ACCESS_VIOLATION (0xc0000005), reading address 0xffffffffffffffff


Register to memory mapping:

RIP=0x00007ffc8829b946 jvm.dll
RAX=0x0000000000000001 is an unknown value
RBX=0x0000007be6efecb0 is pointing into the stack for thread: 0x000002089234e000
RCX=0x030400a7040700a6 is an unknown value
RDX=0x030400a7040700a6 is an unknown value
RSP=0x0000007be6efec58 is pointing into the stack for thread: 0x000002089234e000
RBP=0x0000007be6efece0 is pointing into the stack for thread: 0x000002089234e000
RSI=0x030400a7040700a6 is an unknown value
RDI=0x0000020896033fa0 is at code_begin+0 in an Interpreter codelet
method entry point (kind = zerolocals)  [0x0000020896033fa0, 0x0000020896034860]  2240 bytes
R8 =0x0000007be6efecb0 is pointing into the stack for thread: 0x000002089234e000
R9 =0x030400a7040700a6 is an unknown value
R10=0x0000000000000008 is an unknown value
R11=0x0000000000000008 is an unknown value
R12=0x000002089234e660 points into unknown readable memory: 54 61 73 6b 34 2f 6d 61
R13=0x000002089234ea38 points into unknown readable memory: 55 53 3f 21 19 b4 02 08
R14=0x00000208900612a0 points into unknown readable memory: 02 00 00 00 08 02 00 00
R15=0x000002089234e650 points into unknown readable memory: 00 00 00 00 00 00 00 00


Registers:
RAX=0x0000000000000001, RBX=0x0000007be6efecb0, RCX=0x030400a7040700a6, RDX=0x030400a7040700a6
RSP=0x0000007be6efec58, RBP=0x0000007be6efece0, RSI=0x030400a7040700a6, RDI=0x0000020896033fa0
R8 =0x0000007be6efecb0, R9 =0x030400a7040700a6, R10=0x0000000000000008, R11=0x0000000000000008
R12=0x000002089234e660, R13=0x000002089234ea38, R14=0x00000208900612a0, R15=0x000002089234e650
RIP=0x00007ffc8829b946, EFLAGS=0x0000000000010246

Top of Stack: (sp=0x0000007be6efec58)
0x0000007be6efec58:   00007ffc88804509 0000000000000008
0x0000007be6efec68:   0000007be6efee20 000002089234e000
0x0000007be6efec78:   0000000000000100 0000007be6efed80
0x0000007be6efec88:   00007ffc8884fdef 0000000000000000
0x0000007be6efec98:   0000000000000000 0000000000000000
0x0000007be6efeca8:   0000000000000000 030400a7040700a6
0x0000007be6efecb8:   0000000100000001 0000000000022290
0x0000007be6efecc8:   0000000000000000 0000000000000000
0x0000007be6efecd8:   0000000000000017 0000007be6efed80
0x0000007be6efece8:   00007ffc8874024b 0000007be6efed80
0x0000007be6efecf8:   ffffffff90000001 000002089005e408
0x0000007be6efed08:   00000208b24241a0 0000007be6eff230
0x0000007be6efed18:   00007ffc886806bb 0000000000000000
0x0000007be6efed28:   0000007be6efee20 000002089234e000
0x0000007be6efed38:   000000000000003b 00000208b24241a0
0x0000007be6efed48:   00007ffc18000018 00000208b288e640 

Instructions: (pc=0x00007ffc8829b946)
0x00007ffc8829b846:   44 8b c8 c1 ea 11 41 c1 e9 11 41 3b d1 74 36 83
0x00007ffc8829b856:   c2 f4 83 fa 01 77 27 41 8d 51 f4 83 fa 01 77 1e
0x00007ffc8829b866:   81 e1 ff ff 01 00 25 ff ff 01 00 3b c8 75 08 81
0x00007ffc8829b876:   c9 00 00 18 00 eb 23 b9 ff ff 19 00 eb 1c b9 ff
0x00007ffc8829b886:   ff 27 00 eb 15 8b d1 33 d0 8b c1 81 c9 ff ff 01
0x00007ffc8829b896:   00 f7 c2 ff ff 01 00 0f 44 c8 49 83 e8 01 41 89
0x00007ffc8829b8a6:   0a 79 87 49 8b 43 20 48 09 46 20 eb 03 01 41 10
0x00007ffc8829b8b6:   49 8b 06 33 ff 48 8b 48 18 49 8b 1c 0f 48 85 db
0x00007ffc8829b8c6:   74 29 48 83 7b 08 01 75 1a 48 8b 53 18 89 3b 48
0x00007ffc8829b8d6:   85 d2 74 0f 39 7b 04 48 8b cb e8 0b 6a 10 00 48
0x00007ffc8829b8e6:   89 7b 18 48 8b cb e8 ff 70 f9 ff 45 33 c0 41 8d
0x00007ffc8829b8f6:   50 08 8d 4a 20 e8 70 71 f9 ff 48 85 c0 74 0e 48
0x00007ffc8829b906:   8b d6 48 8b c8 e8 80 eb ff ff 48 8b f8 49 8b 06
0x00007ffc8829b916:   48 8b 5c 24 30 48 8b 74 24 38 4c 8b 74 24 48 48
0x00007ffc8829b926:   8b 48 18 49 89 3c 0f 48 8b 7c 24 40 48 83 c4 20
0x00007ffc8829b936:   41 5f c3 cc cc cc cc cc cc cc 4c 8b c1 48 8b 09
0x00007ffc8829b946:   8b 01 49 63 50 0c c1 e8 10 3b d0 7c 07 ff c0 41
0x00007ffc8829b956:   89 40 0c c3 41 89 50 08 44 0f be 4c 0a 06 41 8d
0x00007ffc8829b966:   41 be 83 f8 18 0f 87 a6 00 00 00 4c 8d 15 88 46
0x00007ffc8829b976:   ef ff 48 98 41 8b 8c 82 24 ba 10 00 49 03 ca ff
0x00007ffc8829b986:   e1 8d 42 01 41 c7 40 10 08 00 00 00 41 89 40 0c
0x00007ffc8829b996:   c3 8d 42 01 41 c7 40 10 05 00 00 00 41 89 40 0c
0x00007ffc8829b9a6:   c3 8d 42 01 41 c7 40 10 07 00 00 00 41 89 40 0c
0x00007ffc8829b9b6:   c3 8d 42 01 41 c7 40 10 06 00 00 00 41 89 40 0c
0x00007ffc8829b9c6:   c3 8d 42 01 41 c7 40 10 0a 00 00 00 41 89 40 0c
0x00007ffc8829b9d6:   c3 8d 42 01 41 c7 40 10 0b 00 00 00 41 89 40 0c
0x00007ffc8829b9e6:   c3 8d 42 01 41 c7 40 10 09 00 00 00 41 89 40 0c
0x00007ffc8829b9f6:   c3 8d 42 01 41 c7 40 10 04 00 00 00 41 89 40 0c
0x00007ffc8829ba06:   c3 8d 42 01 41 c7 40 10 0e 00 00 00 41 89 40 0c
0x00007ffc8829ba16:   c3 41 8b d1 49 8b c8 e9 de 95 56 00 66 90 87 b9
0x00007ffc8829ba26:   10 00 97 b9 10 00 a7 b9 10 00 17 ba 10 00 b7 b9
0x00007ffc8829ba36:   10 00 17 ba 10 00 17 ba 10 00 c7 b9 10 00 d7 b9 


Stack slot to memory mapping:
stack at sp + 0 slots: 0x00007ffc88804509 jvm.dll
stack at sp + 1 slots: 0x0000000000000008 is an unknown value
stack at sp + 2 slots: 0x0000007be6efee20 is pointing into the stack for thread: 0x000002089234e000
stack at sp + 3 slots: 0x000002089234e000 is a thread
stack at sp + 4 slots: 0x0000000000000100 is an unknown value
stack at sp + 5 slots: 0x0000007be6efed80 is pointing into the stack for thread: 0x000002089234e000
stack at sp + 6 slots: 0x00007ffc8884fdef jvm.dll
stack at sp + 7 slots: 0x0 is NULL


---------------  P R O C E S S  ---------------

Threads class SMR info:
_java_thread_list=0x00000208b2966820, length=14, elements={
0x000002089234e000, 0x00000208b1ade000, 0x00000208b23c7800, 0x00000208b23ed800,
0x00000208b23f2000, 0x00000208b23f4800, 0x00000208b240c800, 0x00000208b240d000,
0x00000208b242d000, 0x00000208b1aca000, 0x00000208b2819800, 0x00000208b2670000,
0x00000208b2672000, 0x00000208b297a800
}

Java Threads: ( => current thread )
=>0x000002089234e000 JavaThread "main" [_thread_in_vm, id=17108, stack(0x0000007be6e00000,0x0000007be6f00000)]
  0x00000208b1ade000 JavaThread "Reference Handler" daemon [_thread_blocked, id=23540, stack(0x0000007be7500000,0x0000007be7600000)]
  0x00000208b23c7800 JavaThread "Finalizer" daemon [_thread_blocked, id=16308, stack(0x0000007be7600000,0x0000007be7700000)]
  0x00000208b23ed800 JavaThread "Signal Dispatcher" daemon [_thread_blocked, id=17936, stack(0x0000007be7700000,0x0000007be7800000)]
  0x00000208b23f2000 JavaThread "Attach Listener" daemon [_thread_blocked, id=18168, stack(0x0000007be7800000,0x0000007be7900000)]
  0x00000208b23f4800 JavaThread "Service Thread" daemon [_thread_blocked, id=25492, stack(0x0000007be7900000,0x0000007be7a00000)]
  0x00000208b240c800 JavaThread "C2 CompilerThread0" daemon [_thread_blocked, id=20304, stack(0x0000007be7a00000,0x0000007be7b00000)]
  0x00000208b240d000 JavaThread "C1 CompilerThread0" daemon [_thread_blocked, id=23880, stack(0x0000007be7b00000,0x0000007be7c00000)]
  0x00000208b242d000 JavaThread "Sweeper thread" daemon [_thread_blocked, id=13956, stack(0x0000007be7c00000,0x0000007be7d00000)]
  0x00000208b1aca000 JavaThread "Common-Cleaner" daemon [_thread_blocked, id=22968, stack(0x0000007be7d00000,0x0000007be7e00000)]
  0x00000208b2819800 JavaThread "JDWP Transport Listener: dt_socket" daemon [_thread_blocked, id=23156, stack(0x0000007be7f00000,0x0000007be8000000)]
  0x00000208b2670000 JavaThread "JDWP Event Helper Thread" daemon [_thread_blocked, id=14024, stack(0x0000007be8000000,0x0000007be8100000)]
  0x00000208b2672000 JavaThread "JDWP Command Reader" daemon [_thread_in_native, id=13456, stack(0x0000007be8100000,0x0000007be8200000)]
  0x00000208b297a800 JavaThread "Notification Thread" daemon [_thread_blocked, id=4364, stack(0x0000007be7e00000,0x0000007be7f00000)]

Other Threads:
  0x00000208b1adc000 VMThread "VM Thread" [stack: 0x0000007be7400000,0x0000007be7500000] [id=21872]
  0x00000208b298b000 WatcherThread [stack: 0x0000007be8200000,0x0000007be8300000] [id=25100]
  0x00000208923b5000 GCTaskThread "GC Thread#0" [stack: 0x0000007be6f00000,0x0000007be7000000] [id=13676]
  0x00000208923d8000 ConcurrentGCThread "G1 Main Marker" [stack: 0x0000007be7000000,0x0000007be7100000] [id=22272]
  0x00000208923d9000 ConcurrentGCThread "G1 Conc#0" [stack: 0x0000007be7100000,0x0000007be7200000] [id=9076]
  0x00000208b19c5800 ConcurrentGCThread "G1 Refine#0" [stack: 0x0000007be7200000,0x0000007be7300000] [id=12656]
  0x00000208b19c8800 ConcurrentGCThread "G1 Young RemSet Sampling" [stack: 0x0000007be7300000,0x0000007be7400000] [id=11296]

Threads with active compile tasks:

VM state:not at safepoint (normal execution)

VM Mutex/Monitor currently owned by a thread: None

Heap address: 0x0000000700c00000, size: 4084 MB, Compressed Oops mode: Zero based, Oop shift amount: 3
Narrow klass base: 0x0000000800000000, Narrow klass shift: 0
Compressed class space size: 1073741824 Address: 0x0000000800000000

Heap:
 garbage-first heap   total 262144K, used 6144K [0x0000000700c00000, 0x0000000800000000)
  region size 1024K, 7 young (7168K), 0 survivors (0K)
 Metaspace       used 10047K, capacity 10279K, committed 10496K, reserved 1058816K
  class space    used 900K, capacity 955K, committed 1024K, reserved 1048576K
Heap Regions: E=young(eden), S=young(survivor), O=old, HS=humongous(starts), HC=humongous(continues), CS=collection set, F=free, OA=open archive, CA=closed archive, TAMS=top-at-mark-start (previous, next)
|   0|0x0000000700c00000, 0x0000000700c00000, 0x0000000700d00000|  0%| F|  |TAMS 0x0000000700c00000, 0x0000000700c00000| Untracked 
|   1|0x0000000700d00000, 0x0000000700d00000, 0x0000000700e00000|  0%| F|  |TAMS 0x0000000700d00000, 0x0000000700d00000| Untracked 
|   2|0x0000000700e00000, 0x0000000700e00000, 0x0000000700f00000|  0%| F|  |TAMS 0x0000000700e00000, 0x0000000700e00000| Untracked 
|   3|0x0000000700f00000, 0x0000000700f00000, 0x0000000701000000|  0%| F|  |TAMS 0x0000000700f00000, 0x0000000700f00000| Untracked 
|   4|0x0000000701000000, 0x0000000701000000, 0x0000000701100000|  0%| F|  |TAMS 0x0000000701000000, 0x0000000701000000| Untracked 
|   5|0x0000000701100000, 0x0000000701100000, 0x0000000701200000|  0%| F|  |TAMS 0x0000000701100000, 0x0000000701100000| Untracked 
|   6|0x0000000701200000, 0x0000000701200000, 0x0000000701300000|  0%| F|  |TAMS 0x0000000701200000, 0x0000000701200000| Untracked 
|   7|0x0000000701300000, 0x0000000701300000, 0x0000000701400000|  0%| F|  |TAMS 0x0000000701300000, 0x0000000701300000| Untracked 
|   8|0x0000000701400000, 0x0000000701400000, 0x0000000701500000|  0%| F|  |TAMS 0x0000000701400000, 0x0000000701400000| Untracked 
|   9|0x0000000701500000, 0x0000000701500000, 0x0000000701600000|  0%| F|  |TAMS 0x0000000701500000, 0x0000000701500000| Untracked 
|  10|0x0000000701600000, 0x0000000701600000, 0x0000000701700000|  0%| F|  |TAMS 0x0000000701600000, 0x0000000701600000| Untracked 
|  11|0x0000000701700000, 0x0000000701700000, 0x0000000701800000|  0%| F|  |TAMS 0x0000000701700000, 0x0000000701700000| Untracked 
|  12|0x0000000701800000, 0x0000000701800000, 0x0000000701900000|  0%| F|  |TAMS 0x0000000701800000, 0x0000000701800000| Untracked 
|  13|0x0000000701900000, 0x0000000701900000, 0x0000000701a00000|  0%| F|  |TAMS 0x0000000701900000, 0x0000000701900000| Untracked 
|  14|0x0000000701a00000, 0x0000000701a00000, 0x0000000701b00000|  0%| F|  |TAMS 0x0000000701a00000, 0x0000000701a00000| Untracked 
|  15|0x0000000701b00000, 0x0000000701b00000, 0x0000000701c00000|  0%| F|  |TAMS 0x0000000701b00000, 0x0000000701b00000| Untracked 
|  16|0x0000000701c00000, 0x0000000701c00000, 0x0000000701d00000|  0%| F|  |TAMS 0x0000000701c00000, 0x0000000701c00000| Untracked 
|  17|0x0000000701d00000, 0x0000000701d00000, 0x0000000701e00000|  0%| F|  |TAMS 0x0000000701d00000, 0x0000000701d00000| Untracked 
|  18|0x0000000701e00000, 0x0000000701e00000, 0x0000000701f00000|  0%| F|  |TAMS 0x0000000701e00000, 0x0000000701e00000| Untracked 
|  19|0x0000000701f00000, 0x0000000701f00000, 0x0000000702000000|  0%| F|  |TAMS 0x0000000701f00000, 0x0000000701f00000| Untracked 
|  20|0x0000000702000000, 0x0000000702000000, 0x0000000702100000|  0%| F|  |TAMS 0x0000000702000000, 0x0000000702000000| Untracked 
|  21|0x0000000702100000, 0x0000000702100000, 0x0000000702200000|  0%| F|  |TAMS 0x0000000702100000, 0x0000000702100000| Untracked 
|  22|0x0000000702200000, 0x0000000702200000, 0x0000000702300000|  0%| F|  |TAMS 0x0000000702200000, 0x0000000702200000| Untracked 
|  23|0x0000000702300000, 0x0000000702300000, 0x0000000702400000|  0%| F|  |TAMS 0x0000000702300000, 0x0000000702300000| Untracked 
|  24|0x0000000702400000, 0x0000000702400000, 0x0000000702500000|  0%| F|  |TAMS 0x0000000702400000, 0x0000000702400000| Untracked 
|  25|0x0000000702500000, 0x0000000702500000, 0x0000000702600000|  0%| F|  |TAMS 0x0000000702500000, 0x0000000702500000| Untracked 
|  26|0x0000000702600000, 0x0000000702600000, 0x0000000702700000|  0%| F|  |TAMS 0x0000000702600000, 0x0000000702600000| Untracked 
|  27|0x0000000702700000, 0x0000000702700000, 0x0000000702800000|  0%| F|  |TAMS 0x0000000702700000, 0x0000000702700000| Untracked 
|  28|0x0000000702800000, 0x0000000702800000, 0x0000000702900000|  0%| F|  |TAMS 0x0000000702800000, 0x0000000702800000| Untracked 
|  29|0x0000000702900000, 0x0000000702900000, 0x0000000702a00000|  0%| F|  |TAMS 0x0000000702900000, 0x0000000702900000| Untracked 
|  30|0x0000000702a00000, 0x0000000702a00000, 0x0000000702b00000|  0%| F|  |TAMS 0x0000000702a00000, 0x0000000702a00000| Untracked 
|  31|0x0000000702b00000, 0x0000000702b00000, 0x0000000702c00000|  0%| F|  |TAMS 0x0000000702b00000, 0x0000000702b00000| Untracked 
|  32|0x0000000702c00000, 0x0000000702c00000, 0x0000000702d00000|  0%| F|  |TAMS 0x0000000702c00000, 0x0000000702c00000| Untracked 
|  33|0x0000000702d00000, 0x0000000702d00000, 0x0000000702e00000|  0%| F|  |TAMS 0x0000000702d00000, 0x0000000702d00000| Untracked 
|  34|0x0000000702e00000, 0x0000000702e00000, 0x0000000702f00000|  0%| F|  |TAMS 0x0000000702e00000, 0x0000000702e00000| Untracked 
|  35|0x0000000702f00000, 0x0000000702f00000, 0x0000000703000000|  0%| F|  |TAMS 0x0000000702f00000, 0x0000000702f00000| Untracked 
|  36|0x0000000703000000, 0x0000000703000000, 0x0000000703100000|  0%| F|  |TAMS 0x0000000703000000, 0x0000000703000000| Untracked 
|  37|0x0000000703100000, 0x0000000703100000, 0x0000000703200000|  0%| F|  |TAMS 0x0000000703100000, 0x0000000703100000| Untracked 
|  38|0x0000000703200000, 0x0000000703200000, 0x0000000703300000|  0%| F|  |TAMS 0x0000000703200000, 0x0000000703200000| Untracked 
|  39|0x0000000703300000, 0x0000000703300000, 0x0000000703400000|  0%| F|  |TAMS 0x0000000703300000, 0x0000000703300000| Untracked 
|  40|0x0000000703400000, 0x0000000703400000, 0x0000000703500000|  0%| F|  |TAMS 0x0000000703400000, 0x0000000703400000| Untracked 
|  41|0x0000000703500000, 0x0000000703500000, 0x0000000703600000|  0%| F|  |TAMS 0x0000000703500000, 0x0000000703500000| Untracked 
|  42|0x0000000703600000, 0x0000000703600000, 0x0000000703700000|  0%| F|  |TAMS 0x0000000703600000, 0x0000000703600000| Untracked 
|  43|0x0000000703700000, 0x0000000703700000, 0x0000000703800000|  0%| F|  |TAMS 0x0000000703700000, 0x0000000703700000| Untracked 
|  44|0x0000000703800000, 0x0000000703800000, 0x0000000703900000|  0%| F|  |TAMS 0x0000000703800000, 0x0000000703800000| Untracked 
|  45|0x0000000703900000, 0x0000000703900000, 0x0000000703a00000|  0%| F|  |TAMS 0x0000000703900000, 0x0000000703900000| Untracked 
|  46|0x0000000703a00000, 0x0000000703a00000, 0x0000000703b00000|  0%| F|  |TAMS 0x0000000703a00000, 0x0000000703a00000| Untracked 
|  47|0x0000000703b00000, 0x0000000703b00000, 0x0000000703c00000|  0%| F|  |TAMS 0x0000000703b00000, 0x0000000703b00000| Untracked 
|  48|0x0000000703c00000, 0x0000000703c00000, 0x0000000703d00000|  0%| F|  |TAMS 0x0000000703c00000, 0x0000000703c00000| Untracked 
|  49|0x0000000703d00000, 0x0000000703d00000, 0x0000000703e00000|  0%| F|  |TAMS 0x0000000703d00000, 0x0000000703d00000| Untracked 
|  50|0x0000000703e00000, 0x0000000703e00000, 0x0000000703f00000|  0%| F|  |TAMS 0x0000000703e00000, 0x0000000703e00000| Untracked 
|  51|0x0000000703f00000, 0x0000000703f00000, 0x0000000704000000|  0%| F|  |TAMS 0x0000000703f00000, 0x0000000703f00000| Untracked 
|  52|0x0000000704000000, 0x0000000704000000, 0x0000000704100000|  0%| F|  |TAMS 0x0000000704000000, 0x0000000704000000| Untracked 
|  53|0x0000000704100000, 0x0000000704100000, 0x0000000704200000|  0%| F|  |TAMS 0x0000000704100000, 0x0000000704100000| Untracked 
|  54|0x0000000704200000, 0x0000000704200000, 0x0000000704300000|  0%| F|  |TAMS 0x0000000704200000, 0x0000000704200000| Untracked 
|  55|0x0000000704300000, 0x0000000704300000, 0x0000000704400000|  0%| F|  |TAMS 0x0000000704300000, 0x0000000704300000| Untracked 
|  56|0x0000000704400000, 0x0000000704400000, 0x0000000704500000|  0%| F|  |TAMS 0x0000000704400000, 0x0000000704400000| Untracked 
|  57|0x0000000704500000, 0x0000000704500000, 0x0000000704600000|  0%| F|  |TAMS 0x0000000704500000, 0x0000000704500000| Untracked 
|  58|0x0000000704600000, 0x0000000704600000, 0x0000000704700000|  0%| F|  |TAMS 0x0000000704600000, 0x0000000704600000| Untracked 
|  59|0x0000000704700000, 0x0000000704700000, 0x0000000704800000|  0%| F|  |TAMS 0x0000000704700000, 0x0000000704700000| Untracked 
|  60|0x0000000704800000, 0x0000000704800000, 0x0000000704900000|  0%| F|  |TAMS 0x0000000704800000, 0x0000000704800000| Untracked 
|  61|0x0000000704900000, 0x0000000704900000, 0x0000000704a00000|  0%| F|  |TAMS 0x0000000704900000, 0x0000000704900000| Untracked 
|  62|0x0000000704a00000, 0x0000000704a00000, 0x0000000704b00000|  0%| F|  |TAMS 0x0000000704a00000, 0x0000000704a00000| Untracked 
|  63|0x0000000704b00000, 0x0000000704b00000, 0x0000000704c00000|  0%| F|  |TAMS 0x0000000704b00000, 0x0000000704b00000| Untracked 
|  64|0x0000000704c00000, 0x0000000704c00000, 0x0000000704d00000|  0%| F|  |TAMS 0x0000000704c00000, 0x0000000704c00000| Untracked 
|  65|0x0000000704d00000, 0x0000000704d00000, 0x0000000704e00000|  0%| F|  |TAMS 0x0000000704d00000, 0x0000000704d00000| Untracked 
|  66|0x0000000704e00000, 0x0000000704e00000, 0x0000000704f00000|  0%| F|  |TAMS 0x0000000704e00000, 0x0000000704e00000| Untracked 
|  67|0x0000000704f00000, 0x0000000704f00000, 0x0000000705000000|  0%| F|  |TAMS 0x0000000704f00000, 0x0000000704f00000| Untracked 
|  68|0x0000000705000000, 0x0000000705000000, 0x0000000705100000|  0%| F|  |TAMS 0x0000000705000000, 0x0000000705000000| Untracked 
|  69|0x0000000705100000, 0x0000000705100000, 0x0000000705200000|  0%| F|  |TAMS 0x0000000705100000, 0x0000000705100000| Untracked 
|  70|0x0000000705200000, 0x0000000705200000, 0x0000000705300000|  0%| F|  |TAMS 0x0000000705200000, 0x0000000705200000| Untracked 
|  71|0x0000000705300000, 0x0000000705300000, 0x0000000705400000|  0%| F|  |TAMS 0x0000000705300000, 0x0000000705300000| Untracked 
|  72|0x0000000705400000, 0x0000000705400000, 0x0000000705500000|  0%| F|  |TAMS 0x0000000705400000, 0x0000000705400000| Untracked 
|  73|0x0000000705500000, 0x0000000705500000, 0x0000000705600000|  0%| F|  |TAMS 0x0000000705500000, 0x0000000705500000| Untracked 
|  74|0x0000000705600000, 0x0000000705600000, 0x0000000705700000|  0%| F|  |TAMS 0x0000000705600000, 0x0000000705600000| Untracked 
|  75|0x0000000705700000, 0x0000000705700000, 0x0000000705800000|  0%| F|  |TAMS 0x0000000705700000, 0x0000000705700000| Untracked 
|  76|0x0000000705800000, 0x0000000705800000, 0x0000000705900000|  0%| F|  |TAMS 0x0000000705800000, 0x0000000705800000| Untracked 
|  77|0x0000000705900000, 0x0000000705900000, 0x0000000705a00000|  0%| F|  |TAMS 0x0000000705900000, 0x0000000705900000| Untracked 
|  78|0x0000000705a00000, 0x0000000705a00000, 0x0000000705b00000|  0%| F|  |TAMS 0x0000000705a00000, 0x0000000705a00000| Untracked 
|  79|0x0000000705b00000, 0x0000000705b00000, 0x0000000705c00000|  0%| F|  |TAMS 0x0000000705b00000, 0x0000000705b00000| Untracked 
|  80|0x0000000705c00000, 0x0000000705c00000, 0x0000000705d00000|  0%| F|  |TAMS 0x0000000705c00000, 0x0000000705c00000| Untracked 
|  81|0x0000000705d00000, 0x0000000705d00000, 0x0000000705e00000|  0%| F|  |TAMS 0x0000000705d00000, 0x0000000705d00000| Untracked 
|  82|0x0000000705e00000, 0x0000000705e00000, 0x0000000705f00000|  0%| F|  |TAMS 0x0000000705e00000, 0x0000000705e00000| Untracked 
|  83|0x0000000705f00000, 0x0000000705f00000, 0x0000000706000000|  0%| F|  |TAMS 0x0000000705f00000, 0x0000000705f00000| Untracked 
|  84|0x0000000706000000, 0x0000000706000000, 0x0000000706100000|  0%| F|  |TAMS 0x0000000706000000, 0x0000000706000000| Untracked 
|  85|0x0000000706100000, 0x0000000706100000, 0x0000000706200000|  0%| F|  |TAMS 0x0000000706100000, 0x0000000706100000| Untracked 
|  86|0x0000000706200000, 0x0000000706200000, 0x0000000706300000|  0%| F|  |TAMS 0x0000000706200000, 0x0000000706200000| Untracked 
|  87|0x0000000706300000, 0x0000000706300000, 0x0000000706400000|  0%| F|  |TAMS 0x0000000706300000, 0x0000000706300000| Untracked 
|  88|0x0000000706400000, 0x0000000706400000, 0x0000000706500000|  0%| F|  |TAMS 0x0000000706400000, 0x0000000706400000| Untracked 
|  89|0x0000000706500000, 0x0000000706500000, 0x0000000706600000|  0%| F|  |TAMS 0x0000000706500000, 0x0000000706500000| Untracked 
|  90|0x0000000706600000, 0x0000000706600000, 0x0000000706700000|  0%| F|  |TAMS 0x0000000706600000, 0x0000000706600000| Untracked 
|  91|0x0000000706700000, 0x0000000706700000, 0x0000000706800000|  0%| F|  |TAMS 0x0000000706700000, 0x0000000706700000| Untracked 
|  92|0x0000000706800000, 0x0000000706800000, 0x0000000706900000|  0%| F|  |TAMS 0x0000000706800000, 0x0000000706800000| Untracked 
|  93|0x0000000706900000, 0x0000000706900000, 0x0000000706a00000|  0%| F|  |TAMS 0x0000000706900000, 0x0000000706900000| Untracked 
|  94|0x0000000706a00000, 0x0000000706a00000, 0x0000000706b00000|  0%| F|  |TAMS 0x0000000706a00000, 0x0000000706a00000| Untracked 
|  95|0x0000000706b00000, 0x0000000706b00000, 0x0000000706c00000|  0%| F|  |TAMS 0x0000000706b00000, 0x0000000706b00000| Untracked 
|  96|0x0000000706c00000, 0x0000000706c00000, 0x0000000706d00000|  0%| F|  |TAMS 0x0000000706c00000, 0x0000000706c00000| Untracked 
|  97|0x0000000706d00000, 0x0000000706d00000, 0x0000000706e00000|  0%| F|  |TAMS 0x0000000706d00000, 0x0000000706d00000| Untracked 
|  98|0x0000000706e00000, 0x0000000706e00000, 0x0000000706f00000|  0%| F|  |TAMS 0x0000000706e00000, 0x0000000706e00000| Untracked 
|  99|0x0000000706f00000, 0x0000000706f00000, 0x0000000707000000|  0%| F|  |TAMS 0x0000000706f00000, 0x0000000706f00000| Untracked 
| 100|0x0000000707000000, 0x0000000707000000, 0x0000000707100000|  0%| F|  |TAMS 0x0000000707000000, 0x0000000707000000| Untracked 
| 101|0x0000000707100000, 0x0000000707100000, 0x0000000707200000|  0%| F|  |TAMS 0x0000000707100000, 0x0000000707100000| Untracked 
| 102|0x0000000707200000, 0x0000000707200000, 0x0000000707300000|  0%| F|  |TAMS 0x0000000707200000, 0x0000000707200000| Untracked 
| 103|0x0000000707300000, 0x0000000707300000, 0x0000000707400000|  0%| F|  |TAMS 0x0000000707300000, 0x0000000707300000| Untracked 
| 104|0x0000000707400000, 0x0000000707400000, 0x0000000707500000|  0%| F|  |TAMS 0x0000000707400000, 0x0000000707400000| Untracked 
| 105|0x0000000707500000, 0x0000000707500000, 0x0000000707600000|  0%| F|  |TAMS 0x0000000707500000, 0x0000000707500000| Untracked 
| 106|0x0000000707600000, 0x0000000707600000, 0x0000000707700000|  0%| F|  |TAMS 0x0000000707600000, 0x0000000707600000| Untracked 
| 107|0x0000000707700000, 0x0000000707700000, 0x0000000707800000|  0%| F|  |TAMS 0x0000000707700000, 0x0000000707700000| Untracked 
| 108|0x0000000707800000, 0x0000000707800000, 0x0000000707900000|  0%| F|  |TAMS 0x0000000707800000, 0x0000000707800000| Untracked 
| 109|0x0000000707900000, 0x0000000707900000, 0x0000000707a00000|  0%| F|  |TAMS 0x0000000707900000, 0x0000000707900000| Untracked 
| 110|0x0000000707a00000, 0x0000000707a00000, 0x0000000707b00000|  0%| F|  |TAMS 0x0000000707a00000, 0x0000000707a00000| Untracked 
| 111|0x0000000707b00000, 0x0000000707b00000, 0x0000000707c00000|  0%| F|  |TAMS 0x0000000707b00000, 0x0000000707b00000| Untracked 
| 112|0x0000000707c00000, 0x0000000707c00000, 0x0000000707d00000|  0%| F|  |TAMS 0x0000000707c00000, 0x0000000707c00000| Untracked 
| 113|0x0000000707d00000, 0x0000000707d00000, 0x0000000707e00000|  0%| F|  |TAMS 0x0000000707d00000, 0x0000000707d00000| Untracked 
| 114|0x0000000707e00000, 0x0000000707e00000, 0x0000000707f00000|  0%| F|  |TAMS 0x0000000707e00000, 0x0000000707e00000| Untracked 
| 115|0x0000000707f00000, 0x0000000707f00000, 0x0000000708000000|  0%| F|  |TAMS 0x0000000707f00000, 0x0000000707f00000| Untracked 
| 116|0x0000000708000000, 0x0000000708000000, 0x0000000708100000|  0%| F|  |TAMS 0x0000000708000000, 0x0000000708000000| Untracked 
| 117|0x0000000708100000, 0x0000000708100000, 0x0000000708200000|  0%| F|  |TAMS 0x0000000708100000, 0x0000000708100000| Untracked 
| 118|0x0000000708200000, 0x0000000708200000, 0x0000000708300000|  0%| F|  |TAMS 0x0000000708200000, 0x0000000708200000| Untracked 
| 119|0x0000000708300000, 0x0000000708300000, 0x0000000708400000|  0%| F|  |TAMS 0x0000000708300000, 0x0000000708300000| Untracked 
| 120|0x0000000708400000, 0x0000000708400000, 0x0000000708500000|  0%| F|  |TAMS 0x0000000708400000, 0x0000000708400000| Untracked 
| 121|0x0000000708500000, 0x0000000708500000, 0x0000000708600000|  0%| F|  |TAMS 0x0000000708500000, 0x0000000708500000| Untracked 
| 122|0x0000000708600000, 0x0000000708600000, 0x0000000708700000|  0%| F|  |TAMS 0x0000000708600000, 0x0000000708600000| Untracked 
| 123|0x0000000708700000, 0x0000000708700000, 0x0000000708800000|  0%| F|  |TAMS 0x0000000708700000, 0x0000000708700000| Untracked 
| 124|0x0000000708800000, 0x0000000708800000, 0x0000000708900000|  0%| F|  |TAMS 0x0000000708800000, 0x0000000708800000| Untracked 
| 125|0x0000000708900000, 0x0000000708900000, 0x0000000708a00000|  0%| F|  |TAMS 0x0000000708900000, 0x0000000708900000| Untracked 
| 126|0x0000000708a00000, 0x0000000708a00000, 0x0000000708b00000|  0%| F|  |TAMS 0x0000000708a00000, 0x0000000708a00000| Untracked 
| 127|0x0000000708b00000, 0x0000000708b00000, 0x0000000708c00000|  0%| F|  |TAMS 0x0000000708b00000, 0x0000000708b00000| Untracked 
| 128|0x0000000708c00000, 0x0000000708c00000, 0x0000000708d00000|  0%| F|  |TAMS 0x0000000708c00000, 0x0000000708c00000| Untracked 
| 129|0x0000000708d00000, 0x0000000708d00000, 0x0000000708e00000|  0%| F|  |TAMS 0x0000000708d00000, 0x0000000708d00000| Untracked 
| 130|0x0000000708e00000, 0x0000000708e00000, 0x0000000708f00000|  0%| F|  |TAMS 0x0000000708e00000, 0x0000000708e00000| Untracked 
| 131|0x0000000708f00000, 0x0000000708f00000, 0x0000000709000000|  0%| F|  |TAMS 0x0000000708f00000, 0x0000000708f00000| Untracked 
| 132|0x0000000709000000, 0x0000000709000000, 0x0000000709100000|  0%| F|  |TAMS 0x0000000709000000, 0x0000000709000000| Untracked 
| 133|0x0000000709100000, 0x0000000709100000, 0x0000000709200000|  0%| F|  |TAMS 0x0000000709100000, 0x0000000709100000| Untracked 
| 134|0x0000000709200000, 0x0000000709200000, 0x0000000709300000|  0%| F|  |TAMS 0x0000000709200000, 0x0000000709200000| Untracked 
| 135|0x0000000709300000, 0x0000000709300000, 0x0000000709400000|  0%| F|  |TAMS 0x0000000709300000, 0x0000000709300000| Untracked 
| 136|0x0000000709400000, 0x0000000709400000, 0x0000000709500000|  0%| F|  |TAMS 0x0000000709400000, 0x0000000709400000| Untracked 
| 137|0x0000000709500000, 0x0000000709500000, 0x0000000709600000|  0%| F|  |TAMS 0x0000000709500000, 0x0000000709500000| Untracked 
| 138|0x0000000709600000, 0x0000000709600000, 0x0000000709700000|  0%| F|  |TAMS 0x0000000709600000, 0x0000000709600000| Untracked 
| 139|0x0000000709700000, 0x0000000709700000, 0x0000000709800000|  0%| F|  |TAMS 0x0000000709700000, 0x0000000709700000| Untracked 
| 140|0x0000000709800000, 0x0000000709800000, 0x0000000709900000|  0%| F|  |TAMS 0x0000000709800000, 0x0000000709800000| Untracked 
| 141|0x0000000709900000, 0x0000000709900000, 0x0000000709a00000|  0%| F|  |TAMS 0x0000000709900000, 0x0000000709900000| Untracked 
| 142|0x0000000709a00000, 0x0000000709a00000, 0x0000000709b00000|  0%| F|  |TAMS 0x0000000709a00000, 0x0000000709a00000| Untracked 
| 143|0x0000000709b00000, 0x0000000709b00000, 0x0000000709c00000|  0%| F|  |TAMS 0x0000000709b00000, 0x0000000709b00000| Untracked 
| 144|0x0000000709c00000, 0x0000000709c00000, 0x0000000709d00000|  0%| F|  |TAMS 0x0000000709c00000, 0x0000000709c00000| Untracked 
| 145|0x0000000709d00000, 0x0000000709d00000, 0x0000000709e00000|  0%| F|  |TAMS 0x0000000709d00000, 0x0000000709d00000| Untracked 
| 146|0x0000000709e00000, 0x0000000709e00000, 0x0000000709f00000|  0%| F|  |TAMS 0x0000000709e00000, 0x0000000709e00000| Untracked 
| 147|0x0000000709f00000, 0x0000000709f00000, 0x000000070a000000|  0%| F|  |TAMS 0x0000000709f00000, 0x0000000709f00000| Untracked 
| 148|0x000000070a000000, 0x000000070a000000, 0x000000070a100000|  0%| F|  |TAMS 0x000000070a000000, 0x000000070a000000| Untracked 
| 149|0x000000070a100000, 0x000000070a100000, 0x000000070a200000|  0%| F|  |TAMS 0x000000070a100000, 0x000000070a100000| Untracked 
| 150|0x000000070a200000, 0x000000070a200000, 0x000000070a300000|  0%| F|  |TAMS 0x000000070a200000, 0x000000070a200000| Untracked 
| 151|0x000000070a300000, 0x000000070a300000, 0x000000070a400000|  0%| F|  |TAMS 0x000000070a300000, 0x000000070a300000| Untracked 
| 152|0x000000070a400000, 0x000000070a400000, 0x000000070a500000|  0%| F|  |TAMS 0x000000070a400000, 0x000000070a400000| Untracked 
| 153|0x000000070a500000, 0x000000070a500000, 0x000000070a600000|  0%| F|  |TAMS 0x000000070a500000, 0x000000070a500000| Untracked 
| 154|0x000000070a600000, 0x000000070a600000, 0x000000070a700000|  0%| F|  |TAMS 0x000000070a600000, 0x000000070a600000| Untracked 
| 155|0x000000070a700000, 0x000000070a700000, 0x000000070a800000|  0%| F|  |TAMS 0x000000070a700000, 0x000000070a700000| Untracked 
| 156|0x000000070a800000, 0x000000070a800000, 0x000000070a900000|  0%| F|  |TAMS 0x000000070a800000, 0x000000070a800000| Untracked 
| 157|0x000000070a900000, 0x000000070a900000, 0x000000070aa00000|  0%| F|  |TAMS 0x000000070a900000, 0x000000070a900000| Untracked 
| 158|0x000000070aa00000, 0x000000070aa00000, 0x000000070ab00000|  0%| F|  |TAMS 0x000000070aa00000, 0x000000070aa00000| Untracked 
| 159|0x000000070ab00000, 0x000000070ab00000, 0x000000070ac00000|  0%| F|  |TAMS 0x000000070ab00000, 0x000000070ab00000| Untracked 
| 160|0x000000070ac00000, 0x000000070ac00000, 0x000000070ad00000|  0%| F|  |TAMS 0x000000070ac00000, 0x000000070ac00000| Untracked 
| 161|0x000000070ad00000, 0x000000070ad00000, 0x000000070ae00000|  0%| F|  |TAMS 0x000000070ad00000, 0x000000070ad00000| Untracked 
| 162|0x000000070ae00000, 0x000000070ae00000, 0x000000070af00000|  0%| F|  |TAMS 0x000000070ae00000, 0x000000070ae00000| Untracked 
| 163|0x000000070af00000, 0x000000070af00000, 0x000000070b000000|  0%| F|  |TAMS 0x000000070af00000, 0x000000070af00000| Untracked 
| 164|0x000000070b000000, 0x000000070b000000, 0x000000070b100000|  0%| F|  |TAMS 0x000000070b000000, 0x000000070b000000| Untracked 
| 165|0x000000070b100000, 0x000000070b100000, 0x000000070b200000|  0%| F|  |TAMS 0x000000070b100000, 0x000000070b100000| Untracked 
| 166|0x000000070b200000, 0x000000070b200000, 0x000000070b300000|  0%| F|  |TAMS 0x000000070b200000, 0x000000070b200000| Untracked 
| 167|0x000000070b300000, 0x000000070b300000, 0x000000070b400000|  0%| F|  |TAMS 0x000000070b300000, 0x000000070b300000| Untracked 
| 168|0x000000070b400000, 0x000000070b400000, 0x000000070b500000|  0%| F|  |TAMS 0x000000070b400000, 0x000000070b400000| Untracked 
| 169|0x000000070b500000, 0x000000070b500000, 0x000000070b600000|  0%| F|  |TAMS 0x000000070b500000, 0x000000070b500000| Untracked 
| 170|0x000000070b600000, 0x000000070b600000, 0x000000070b700000|  0%| F|  |TAMS 0x000000070b600000, 0x000000070b600000| Untracked 
| 171|0x000000070b700000, 0x000000070b700000, 0x000000070b800000|  0%| F|  |TAMS 0x000000070b700000, 0x000000070b700000| Untracked 
| 172|0x000000070b800000, 0x000000070b800000, 0x000000070b900000|  0%| F|  |TAMS 0x000000070b800000, 0x000000070b800000| Untracked 
| 173|0x000000070b900000, 0x000000070b900000, 0x000000070ba00000|  0%| F|  |TAMS 0x000000070b900000, 0x000000070b900000| Untracked 
| 174|0x000000070ba00000, 0x000000070ba00000, 0x000000070bb00000|  0%| F|  |TAMS 0x000000070ba00000, 0x000000070ba00000| Untracked 
| 175|0x000000070bb00000, 0x000000070bb00000, 0x000000070bc00000|  0%| F|  |TAMS 0x000000070bb00000, 0x000000070bb00000| Untracked 
| 176|0x000000070bc00000, 0x000000070bc00000, 0x000000070bd00000|  0%| F|  |TAMS 0x000000070bc00000, 0x000000070bc00000| Untracked 
| 177|0x000000070bd00000, 0x000000070bd00000, 0x000000070be00000|  0%| F|  |TAMS 0x000000070bd00000, 0x000000070bd00000| Untracked 
| 178|0x000000070be00000, 0x000000070be00000, 0x000000070bf00000|  0%| F|  |TAMS 0x000000070be00000, 0x000000070be00000| Untracked 
| 179|0x000000070bf00000, 0x000000070bf00000, 0x000000070c000000|  0%| F|  |TAMS 0x000000070bf00000, 0x000000070bf00000| Untracked 
| 180|0x000000070c000000, 0x000000070c000000, 0x000000070c100000|  0%| F|  |TAMS 0x000000070c000000, 0x000000070c000000| Untracked 
| 181|0x000000070c100000, 0x000000070c100000, 0x000000070c200000|  0%| F|  |TAMS 0x000000070c100000, 0x000000070c100000| Untracked 
| 182|0x000000070c200000, 0x000000070c200000, 0x000000070c300000|  0%| F|  |TAMS 0x000000070c200000, 0x000000070c200000| Untracked 
| 183|0x000000070c300000, 0x000000070c300000, 0x000000070c400000|  0%| F|  |TAMS 0x000000070c300000, 0x000000070c300000| Untracked 
| 184|0x000000070c400000, 0x000000070c400000, 0x000000070c500000|  0%| F|  |TAMS 0x000000070c400000, 0x000000070c400000| Untracked 
| 185|0x000000070c500000, 0x000000070c500000, 0x000000070c600000|  0%| F|  |TAMS 0x000000070c500000, 0x000000070c500000| Untracked 
| 186|0x000000070c600000, 0x000000070c600000, 0x000000070c700000|  0%| F|  |TAMS 0x000000070c600000, 0x000000070c600000| Untracked 
| 187|0x000000070c700000, 0x000000070c700000, 0x000000070c800000|  0%| F|  |TAMS 0x000000070c700000, 0x000000070c700000| Untracked 
| 188|0x000000070c800000, 0x000000070c800000, 0x000000070c900000|  0%| F|  |TAMS 0x000000070c800000, 0x000000070c800000| Untracked 
| 189|0x000000070c900000, 0x000000070c900000, 0x000000070ca00000|  0%| F|  |TAMS 0x000000070c900000, 0x000000070c900000| Untracked 
| 190|0x000000070ca00000, 0x000000070ca00000, 0x000000070cb00000|  0%| F|  |TAMS 0x000000070ca00000, 0x000000070ca00000| Untracked 
| 191|0x000000070cb00000, 0x000000070cb00000, 0x000000070cc00000|  0%| F|  |TAMS 0x000000070cb00000, 0x000000070cb00000| Untracked 
| 192|0x000000070cc00000, 0x000000070cc00000, 0x000000070cd00000|  0%| F|  |TAMS 0x000000070cc00000, 0x000000070cc00000| Untracked 
| 193|0x000000070cd00000, 0x000000070cd00000, 0x000000070ce00000|  0%| F|  |TAMS 0x000000070cd00000, 0x000000070cd00000| Untracked 
| 194|0x000000070ce00000, 0x000000070ce00000, 0x000000070cf00000|  0%| F|  |TAMS 0x000000070ce00000, 0x000000070ce00000| Untracked 
| 195|0x000000070cf00000, 0x000000070cf00000, 0x000000070d000000|  0%| F|  |TAMS 0x000000070cf00000, 0x000000070cf00000| Untracked 
| 196|0x000000070d000000, 0x000000070d000000, 0x000000070d100000|  0%| F|  |TAMS 0x000000070d000000, 0x000000070d000000| Untracked 
| 197|0x000000070d100000, 0x000000070d100000, 0x000000070d200000|  0%| F|  |TAMS 0x000000070d100000, 0x000000070d100000| Untracked 
| 198|0x000000070d200000, 0x000000070d200000, 0x000000070d300000|  0%| F|  |TAMS 0x000000070d200000, 0x000000070d200000| Untracked 
| 199|0x000000070d300000, 0x000000070d300000, 0x000000070d400000|  0%| F|  |TAMS 0x000000070d300000, 0x000000070d300000| Untracked 
| 200|0x000000070d400000, 0x000000070d400000, 0x000000070d500000|  0%| F|  |TAMS 0x000000070d400000, 0x000000070d400000| Untracked 
| 201|0x000000070d500000, 0x000000070d500000, 0x000000070d600000|  0%| F|  |TAMS 0x000000070d500000, 0x000000070d500000| Untracked 
| 202|0x000000070d600000, 0x000000070d600000, 0x000000070d700000|  0%| F|  |TAMS 0x000000070d600000, 0x000000070d600000| Untracked 
| 203|0x000000070d700000, 0x000000070d700000, 0x000000070d800000|  0%| F|  |TAMS 0x000000070d700000, 0x000000070d700000| Untracked 
| 204|0x000000070d800000, 0x000000070d800000, 0x000000070d900000|  0%| F|  |TAMS 0x000000070d800000, 0x000000070d800000| Untracked 
| 205|0x000000070d900000, 0x000000070d900000, 0x000000070da00000|  0%| F|  |TAMS 0x000000070d900000, 0x000000070d900000| Untracked 
| 206|0x000000070da00000, 0x000000070da00000, 0x000000070db00000|  0%| F|  |TAMS 0x000000070da00000, 0x000000070da00000| Untracked 
| 207|0x000000070db00000, 0x000000070db00000, 0x000000070dc00000|  0%| F|  |TAMS 0x000000070db00000, 0x000000070db00000| Untracked 
| 208|0x000000070dc00000, 0x000000070dc00000, 0x000000070dd00000|  0%| F|  |TAMS 0x000000070dc00000, 0x000000070dc00000| Untracked 
| 209|0x000000070dd00000, 0x000000070dd00000, 0x000000070de00000|  0%| F|  |TAMS 0x000000070dd00000, 0x000000070dd00000| Untracked 
| 210|0x000000070de00000, 0x000000070de00000, 0x000000070df00000|  0%| F|  |TAMS 0x000000070de00000, 0x000000070de00000| Untracked 
| 211|0x000000070df00000, 0x000000070df00000, 0x000000070e000000|  0%| F|  |TAMS 0x000000070df00000, 0x000000070df00000| Untracked 
| 212|0x000000070e000000, 0x000000070e000000, 0x000000070e100000|  0%| F|  |TAMS 0x000000070e000000, 0x000000070e000000| Untracked 
| 213|0x000000070e100000, 0x000000070e100000, 0x000000070e200000|  0%| F|  |TAMS 0x000000070e100000, 0x000000070e100000| Untracked 
| 214|0x000000070e200000, 0x000000070e200000, 0x000000070e300000|  0%| F|  |TAMS 0x000000070e200000, 0x000000070e200000| Untracked 
| 215|0x000000070e300000, 0x000000070e300000, 0x000000070e400000|  0%| F|  |TAMS 0x000000070e300000, 0x000000070e300000| Untracked 
| 216|0x000000070e400000, 0x000000070e400000, 0x000000070e500000|  0%| F|  |TAMS 0x000000070e400000, 0x000000070e400000| Untracked 
| 217|0x000000070e500000, 0x000000070e500000, 0x000000070e600000|  0%| F|  |TAMS 0x000000070e500000, 0x000000070e500000| Untracked 
| 218|0x000000070e600000, 0x000000070e600000, 0x000000070e700000|  0%| F|  |TAMS 0x000000070e600000, 0x000000070e600000| Untracked 
| 219|0x000000070e700000, 0x000000070e700000, 0x000000070e800000|  0%| F|  |TAMS 0x000000070e700000, 0x000000070e700000| Untracked 
| 220|0x000000070e800000, 0x000000070e800000, 0x000000070e900000|  0%| F|  |TAMS 0x000000070e800000, 0x000000070e800000| Untracked 
| 221|0x000000070e900000, 0x000000070e900000, 0x000000070ea00000|  0%| F|  |TAMS 0x000000070e900000, 0x000000070e900000| Untracked 
| 222|0x000000070ea00000, 0x000000070ea00000, 0x000000070eb00000|  0%| F|  |TAMS 0x000000070ea00000, 0x000000070ea00000| Untracked 
| 223|0x000000070eb00000, 0x000000070eb00000, 0x000000070ec00000|  0%| F|  |TAMS 0x000000070eb00000, 0x000000070eb00000| Untracked 
| 224|0x000000070ec00000, 0x000000070ec00000, 0x000000070ed00000|  0%| F|  |TAMS 0x000000070ec00000, 0x000000070ec00000| Untracked 
| 225|0x000000070ed00000, 0x000000070ed00000, 0x000000070ee00000|  0%| F|  |TAMS 0x000000070ed00000, 0x000000070ed00000| Untracked 
| 226|0x000000070ee00000, 0x000000070ee00000, 0x000000070ef00000|  0%| F|  |TAMS 0x000000070ee00000, 0x000000070ee00000| Untracked 
| 227|0x000000070ef00000, 0x000000070ef00000, 0x000000070f000000|  0%| F|  |TAMS 0x000000070ef00000, 0x000000070ef00000| Untracked 
| 228|0x000000070f000000, 0x000000070f000000, 0x000000070f100000|  0%| F|  |TAMS 0x000000070f000000, 0x000000070f000000| Untracked 
| 229|0x000000070f100000, 0x000000070f100000, 0x000000070f200000|  0%| F|  |TAMS 0x000000070f100000, 0x000000070f100000| Untracked 
| 230|0x000000070f200000, 0x000000070f200000, 0x000000070f300000|  0%| F|  |TAMS 0x000000070f200000, 0x000000070f200000| Untracked 
| 231|0x000000070f300000, 0x000000070f300000, 0x000000070f400000|  0%| F|  |TAMS 0x000000070f300000, 0x000000070f300000| Untracked 
| 232|0x000000070f400000, 0x000000070f400000, 0x000000070f500000|  0%| F|  |TAMS 0x000000070f400000, 0x000000070f400000| Untracked 
| 233|0x000000070f500000, 0x000000070f500000, 0x000000070f600000|  0%| F|  |TAMS 0x000000070f500000, 0x000000070f500000| Untracked 
| 234|0x000000070f600000, 0x000000070f600000, 0x000000070f700000|  0%| F|  |TAMS 0x000000070f600000, 0x000000070f600000| Untracked 
| 235|0x000000070f700000, 0x000000070f700000, 0x000000070f800000|  0%| F|  |TAMS 0x000000070f700000, 0x000000070f700000| Untracked 
| 236|0x000000070f800000, 0x000000070f800000, 0x000000070f900000|  0%| F|  |TAMS 0x000000070f800000, 0x000000070f800000| Untracked 
| 237|0x000000070f900000, 0x000000070f900000, 0x000000070fa00000|  0%| F|  |TAMS 0x000000070f900000, 0x000000070f900000| Untracked 
| 238|0x000000070fa00000, 0x000000070fa00000, 0x000000070fb00000|  0%| F|  |TAMS 0x000000070fa00000, 0x000000070fa00000| Untracked 
| 239|0x000000070fb00000, 0x000000070fb00000, 0x000000070fc00000|  0%| F|  |TAMS 0x000000070fb00000, 0x000000070fb00000| Untracked 
| 240|0x000000070fc00000, 0x000000070fc00000, 0x000000070fd00000|  0%| F|  |TAMS 0x000000070fc00000, 0x000000070fc00000| Untracked 
| 241|0x000000070fd00000, 0x000000070fd00000, 0x000000070fe00000|  0%| F|  |TAMS 0x000000070fd00000, 0x000000070fd00000| Untracked 
| 242|0x000000070fe00000, 0x000000070fe00000, 0x000000070ff00000|  0%| F|  |TAMS 0x000000070fe00000, 0x000000070fe00000| Untracked 
| 243|0x000000070ff00000, 0x000000070ff00000, 0x0000000710000000|  0%| F|  |TAMS 0x000000070ff00000, 0x000000070ff00000| Untracked 
| 244|0x0000000710000000, 0x0000000710000000, 0x0000000710100000|  0%| F|  |TAMS 0x0000000710000000, 0x0000000710000000| Untracked 
| 245|0x0000000710100000, 0x0000000710100000, 0x0000000710200000|  0%| F|  |TAMS 0x0000000710100000, 0x0000000710100000| Untracked 
| 246|0x0000000710200000, 0x0000000710200000, 0x0000000710300000|  0%| F|  |TAMS 0x0000000710200000, 0x0000000710200000| Untracked 
| 247|0x0000000710300000, 0x0000000710300000, 0x0000000710400000|  0%| F|  |TAMS 0x0000000710300000, 0x0000000710300000| Untracked 
| 248|0x0000000710400000, 0x0000000710400000, 0x0000000710500000|  0%| F|  |TAMS 0x0000000710400000, 0x0000000710400000| Untracked 
| 249|0x0000000710500000, 0x0000000710576508, 0x0000000710600000| 46%| E|  |TAMS 0x0000000710500000, 0x0000000710500000| Complete 
| 250|0x0000000710600000, 0x0000000710700000, 0x0000000710700000|100%| E|CS|TAMS 0x0000000710600000, 0x0000000710600000| Complete 
| 251|0x0000000710700000, 0x0000000710800000, 0x0000000710800000|100%| E|CS|TAMS 0x0000000710700000, 0x0000000710700000| Complete 
| 252|0x0000000710800000, 0x0000000710900000, 0x0000000710900000|100%| E|CS|TAMS 0x0000000710800000, 0x0000000710800000| Complete 
| 253|0x0000000710900000, 0x0000000710a00000, 0x0000000710a00000|100%| E|CS|TAMS 0x0000000710900000, 0x0000000710900000| Complete 
| 254|0x0000000710a00000, 0x0000000710b00000, 0x0000000710b00000|100%| E|CS|TAMS 0x0000000710a00000, 0x0000000710a00000| Complete 
| 255|0x0000000710b00000, 0x0000000710c00000, 0x0000000710c00000|100%| E|CS|TAMS 0x0000000710b00000, 0x0000000710b00000| Complete 

Card table byte_map: [0x00000208a5d80000,0x00000208a6580000] _byte_map_base: 0x00000208a257a000

Marking Bits (Prev, Next): (CMBitMap*) 0x00000208923b5ca8, (CMBitMap*) 0x00000208923b5ce8
 Prev Bits: [0x00000208a6d80000, 0x00000208aad50000)
 Next Bits: [0x00000208aad50000, 0x00000208aed20000)

Polling page: 0x0000020890320000

Metaspace:

Usage:
  Non-class:      9.11 MB capacity,     8.93 MB ( 98%) used,   166.78 KB (  2%) free+waste,    10.31 KB ( <1%) overhead. 
      Class:    955.00 KB capacity,   900.50 KB ( 94%) used,    50.31 KB (  5%) free+waste,     4.19 KB ( <1%) overhead. 
       Both:     10.04 MB capacity,     9.81 MB ( 98%) used,   217.09 KB (  2%) free+waste,    14.50 KB ( <1%) overhead. 

Virtual space:
  Non-class space:       10.00 MB reserved,       9.25 MB ( 93%) committed 
      Class space:        1.00 GB reserved,       1.00 MB ( <1%) committed 
             Both:        1.01 GB reserved,      10.25 MB ( <1%) committed 

Chunk freelists:
   Non-Class:  20.00 KB
       Class:  5.00 KB
        Both:  25.00 KB

MaxMetaspaceSize: 17179869184.00 GB
CompressedClassSpaceSize: 1.00 GB

CodeHeap 'non-profiled nmethods': size=120000Kb used=148Kb max_used=148Kb free=119851Kb
 bounds [0x000002089daf0000, 0x000002089dd60000, 0x00000208a5020000]
CodeHeap 'profiled nmethods': size=120000Kb used=667Kb max_used=667Kb free=119332Kb
 bounds [0x00000208965c0000, 0x0000020896830000, 0x000002089daf0000]
CodeHeap 'non-nmethods': size=5760Kb used=1237Kb max_used=1250Kb free=4523Kb
 bounds [0x0000020896020000, 0x0000020896290000, 0x00000208965c0000]
 total_blobs=871 nmethods=470 adapters=314
 compilation: enabled
              stopped_count=0, restarted_count=0
 full_count=0

Compilation events (20 events):
Event: 0.494 Thread 0x00000208b240d000  462       3       sun.invoke.util.VerifyAccess::isTypeVisible (118 bytes)
Event: 0.496 Thread 0x00000208b240d000 nmethod 462 0x0000020896662710 code [0x0000020896662b00, 0x0000020896664a78]
Event: 0.496 Thread 0x00000208b240d000  463       3       java.util.regex.Pattern::has (15 bytes)
Event: 0.496 Thread 0x00000208b240d000 nmethod 463 0x0000020896665410 code [0x00000208966655a0, 0x00000208966656f8]
Event: 0.496 Thread 0x00000208b240d000  465       3       java.util.regex.Pattern::peek (26 bytes)
Event: 0.496 Thread 0x00000208b240d000 nmethod 465 0x0000020896665790 code [0x0000020896665940, 0x0000020896665bc8]
Event: 0.496 Thread 0x00000208b240d000  464       3       java.util.regex.ASCII::isAscii (13 bytes)
Event: 0.496 Thread 0x00000208b240d000 nmethod 464 0x0000020896665d10 code [0x0000020896665ea0, 0x0000020896665fd8]
Event: 0.496 Thread 0x00000208b240d000  466       3       java.util.regex.Pattern::next (33 bytes)
Event: 0.496 Thread 0x00000208b240d000 nmethod 466 0x0000020896666090 code [0x0000020896666240, 0x00000208966664c8]
Event: 1.964 Thread 0x00000208b240d000  467       1       java.nio.Buffer::position (5 bytes)
Event: 1.964 Thread 0x00000208b240d000 nmethod 467 0x000002089db14810 code [0x000002089db149a0, 0x000002089db14a58]
Event: 274.045 Thread 0x00000208b240d000  468       3       org.eclipse.jdt.launching.internal.org.objectweb.asm.SymbolTable::addConstantUtf8Reference (20 bytes)
Event: 274.046 Thread 0x00000208b240d000 nmethod 468 0x0000020896666610 code [0x00000208966667e0, 0x0000020896666b68]
Event: 844.641 Thread 0x00000208b240d000  469       1       sun.instrument.TransformerManager::getSnapshotTransformerList (5 bytes)
Event: 844.641 Thread 0x00000208b240c800  470       4       org.eclipse.jdt.launching.internal.org.objectweb.asm.ClassReader::getItem (7 bytes)
Event: 844.641 Thread 0x00000208b240d000 nmethod 469 0x000002089db14b10 code [0x000002089db14ca0, 0x000002089db14d58]
Event: 844.643 Thread 0x00000208b240c800 

Event: 1006.839 Thread 0x00000208b240d000  471       1       sun.instrument.TransformerManager$TransformerInfo::transformer (5 bytes)
Event: 1006.839 Thread 0x00000208b240d000 nmethod 471 0x000002089db14e10 code [0x000002089db14fa0, 0x000002089db15058]

GC Heap History (0 events):
No events

Deoptimization events (20 events):
Event: 0.432 Thread 0x000002089234e000 DEOPT PACKING pc=0x0000020896638bed sp=0x0000007be6efbb30
Event: 0.432 Thread 0x000002089234e000 DEOPT UNPACKING pc=0x000002089606964e sp=0x0000007be6efaff8 mode 0
Event: 0.432 Thread 0x000002089234e000 DEOPT PACKING pc=0x0000020896638bed sp=0x0000007be6efbb30
Event: 0.432 Thread 0x000002089234e000 DEOPT UNPACKING pc=0x000002089606964e sp=0x0000007be6efaff8 mode 0
Event: 0.432 Thread 0x000002089234e000 DEOPT PACKING pc=0x0000020896638bed sp=0x0000007be6efbb30
Event: 0.432 Thread 0x000002089234e000 DEOPT UNPACKING pc=0x000002089606964e sp=0x0000007be6efaff8 mode 0
Event: 0.433 Thread 0x000002089234e000 DEOPT PACKING pc=0x0000020896638bed sp=0x0000007be6ef7fd0
Event: 0.433 Thread 0x000002089234e000 DEOPT UNPACKING pc=0x000002089606964e sp=0x0000007be6ef7498 mode 0
Event: 0.484 Thread 0x000002089234e000 Uncommon trap: trap_request=0xffffff45 fr.pc=0x000002089daf8fb8 relative=0x0000000000000278
Event: 0.484 Thread 0x000002089234e000 Uncommon trap: reason=unstable_if action=reinterpret pc=0x000002089daf8fb8 method=java.lang.String.isLatin1()Z @ 10 c2
Event: 0.484 Thread 0x000002089234e000 DEOPT PACKING pc=0x000002089daf8fb8 sp=0x0000007be6efc8f0
Event: 0.484 Thread 0x000002089234e000 DEOPT UNPACKING pc=0x000002089606912f sp=0x0000007be6efc828 mode 2
Event: 0.484 Thread 0x000002089234e000 Uncommon trap: trap_request=0xffffff45 fr.pc=0x000002089db02bfc relative=0x000000000000005c
Event: 0.484 Thread 0x000002089234e000 Uncommon trap: reason=unstable_if action=reinterpret pc=0x000002089db02bfc method=java.lang.String.isLatin1()Z @ 10 c2
Event: 0.484 Thread 0x000002089234e000 DEOPT PACKING pc=0x000002089db02bfc sp=0x0000007be6efc880
Event: 0.484 Thread 0x000002089234e000 DEOPT UNPACKING pc=0x000002089606912f sp=0x0000007be6efc820 mode 2
Event: 0.490 Thread 0x000002089234e000 Uncommon trap: trap_request=0xffffff45 fr.pc=0x000002089db02164 relative=0x0000000000000044
Event: 0.490 Thread 0x000002089234e000 Uncommon trap: reason=unstable_if action=reinterpret pc=0x000002089db02164 method=java.lang.CharacterData.of(I)Ljava/lang/CharacterData; @ 4 c2
Event: 0.490 Thread 0x000002089234e000 DEOPT PACKING pc=0x000002089db02164 sp=0x0000007be6efe860
Event: 0.490 Thread 0x000002089234e000 DEOPT UNPACKING pc=0x000002089606912f sp=0x0000007be6efe800 mode 2

Classes unloaded (0 events):
No events

Classes redefined (4 events):
Event: 271.462 Thread 0x00000208b1adc000 redefined class name=Tasks.Task4.main, count=1
Event: 274.046 Thread 0x00000208b1adc000 redefined class name=Tasks.Task4.main, count=2
Event: 844.642 Thread 0x00000208b1adc000 redefined class name=Tasks.Task4.main, count=3
Event: 1006.840 Thread 0x00000208b1adc000 redefined class name=Tasks.Task4.main, count=4

Internal exceptions (1 events):
Event: 0.464 Thread 0x000002089234e000 Exception <a 'java/lang/NoSuchMethodError'{0x00000007107e8750}: 'int java.lang.invoke.DirectMethodHandle$Holder.invokeSpecialIFC(java.lang.Object, java.lang.Object, int)'> (0x00000007107e8750) 
thrown [./open/src/hotspot/share/interpreter/linkResolver.cpp, line 766]

Events (20 events):
Event: 1006.870 Executing VM operation: ChangeBreakpoints
Event: 1006.870 Executing VM operation: ChangeBreakpoints done
Event: 1006.872 Executing VM operation: ChangeBreakpoints
Event: 1006.872 Executing VM operation: ChangeBreakpoints done
Event: 1006.873 Executing VM operation: GetFrameCount
Event: 1006.873 Executing VM operation: GetFrameCount done
Event: 1006.873 Executing VM operation: GetStackTrace
Event: 1006.873 Executing VM operation: GetStackTrace done
Event: 1006.873 Executing VM operation: GetFrameCount
Event: 1006.873 Executing VM operation: GetFrameCount done
Event: 1006.873 Executing VM operation: SetFramePop
Event: 1006.873 Executing VM operation: SetFramePop done
Event: 1006.873 Executing VM operation: GetFrameLocation
Event: 1006.873 Executing VM operation: GetFrameLocation done
Event: 1006.873 Executing VM operation: GetCurrentLocation
Event: 1006.873 Executing VM operation: GetCurrentLocation done
Event: 1006.873 Executing VM operation: ChangeSingleStep
Event: 1006.873 Executing VM operation: ChangeSingleStep done
Event: 1006.874 Executing VM operation: GetFrameLocation
Event: 1006.874 Executing VM operation: GetFrameLocation done


Dynamic libraries:
0x00007ff7f9490000 - 0x00007ff7f949d000 	C:\Users\andre\.p2\pool\plugins\org.eclipse.justj.openjdk.hotspot.jre.full.win32.x86_64_14.0.2.v20200815-0932\jre\bin\javaw.exe
0x00007ffd03730000 - 0x00007ffd03925000 	C:\Windows\SYSTEM32\ntdll.dll
0x00007ffd02dd0000 - 0x00007ffd02e8d000 	C:\Windows\System32\KERNEL32.DLL
0x00007ffd00fd0000 - 0x00007ffd01298000 	C:\Windows\System32\KERNELBASE.dll
0x00007ffd01580000 - 0x00007ffd01680000 	C:\Windows\System32\ucrtbase.dll
0x00007ffc9e950000 - 0x00007ffc9e968000 	C:\Users\andre\.p2\pool\plugins\org.eclipse.justj.openjdk.hotspot.jre.full.win32.x86_64_14.0.2.v20200815-0932\jre\bin\jli.dll
0x00007ffc9e930000 - 0x00007ffc9e945000 	C:\Users\andre\.p2\pool\plugins\org.eclipse.justj.openjdk.hotspot.jre.full.win32.x86_64_14.0.2.v20200815-0932\jre\bin\VCRUNTIME140.dll
0x00007ffd02ae0000 - 0x00007ffd02c80000 	C:\Windows\System32\USER32.dll
0x00007ffcef5e0000 - 0x00007ffcef87a000 	C:\Windows\WinSxS\amd64_microsoft.windows.common-controls_6595b64144ccf1df_6.0.19041.844_none_ca00b6081b84eb1d\COMCTL32.dll
0x00007ffd00e70000 - 0x00007ffd00e92000 	C:\Windows\System32\win32u.dll
0x00007ffd02e90000 - 0x00007ffd02f2e000 	C:\Windows\System32\msvcrt.dll
0x00007ffd02d30000 - 0x00007ffd02d5a000 	C:\Windows\System32\GDI32.dll
0x00007ffd01680000 - 0x00007ffd0178b000 	C:\Windows\System32\gdi32full.dll
0x00007ffd01430000 - 0x00007ffd014cd000 	C:\Windows\System32\msvcp_win.dll
0x00007ffd03310000 - 0x00007ffd03340000 	C:\Windows\System32\IMM32.DLL
0x00007ffc8b860000 - 0x00007ffc8b8fb000 	C:\Users\andre\.p2\pool\plugins\org.eclipse.justj.openjdk.hotspot.jre.full.win32.x86_64_14.0.2.v20200815-0932\jre\bin\msvcp140.dll
0x00007ffc88190000 - 0x00007ffc88cae000 	C:\Users\andre\.p2\pool\plugins\org.eclipse.justj.openjdk.hotspot.jre.full.win32.x86_64_14.0.2.v20200815-0932\jre\bin\server\jvm.dll
0x00007ffd02650000 - 0x00007ffd026fc000 	C:\Windows\System32\ADVAPI32.dll
0x00007ffd03110000 - 0x00007ffd031ab000 	C:\Windows\System32\sechost.dll
0x00007ffd02f30000 - 0x00007ffd0305b000 	C:\Windows\System32\RPCRT4.dll
0x00007ffd03300000 - 0x00007ffd03308000 	C:\Windows\System32\PSAPI.DLL
0x00007ffcec8a0000 - 0x00007ffcec8a9000 	C:\Windows\SYSTEM32\WSOCK32.dll
0x00007ffd02d60000 - 0x00007ffd02dcb000 	C:\Windows\System32\WS2_32.dll
0x00007ffcf03f0000 - 0x00007ffcf0417000 	C:\Windows\SYSTEM32\WINMM.dll
0x00007ffcf9520000 - 0x00007ffcf952a000 	C:\Windows\SYSTEM32\VERSION.dll
0x00007ffcff790000 - 0x00007ffcff7a2000 	C:\Windows\SYSTEM32\kernel.appcore.dll
0x00007ffcd2360000 - 0x00007ffcd236a000 	C:\Users\andre\.p2\pool\plugins\org.eclipse.justj.openjdk.hotspot.jre.full.win32.x86_64_14.0.2.v20200815-0932\jre\bin\jimage.dll
0x00007ffcfec40000 - 0x00007ffcfee24000 	C:\Windows\SYSTEM32\DBGHELP.DLL
0x00007ffce4b70000 - 0x00007ffce4b9c000 	C:\Windows\SYSTEM32\dbgcore.DLL
0x00007ffd00f00000 - 0x00007ffd00f80000 	C:\Windows\System32\bcryptPrimitives.dll
0x00007ffcb00e0000 - 0x00007ffcb0118000 	C:\Users\andre\.p2\pool\plugins\org.eclipse.justj.openjdk.hotspot.jre.full.win32.x86_64_14.0.2.v20200815-0932\jre\bin\jdwp.dll
0x00007ffc88160000 - 0x00007ffc88185000 	C:\Users\andre\.p2\pool\plugins\org.eclipse.justj.openjdk.hotspot.jre.full.win32.x86_64_14.0.2.v20200815-0932\jre\bin\java.dll
0x00007ffcc96e0000 - 0x00007ffcc96ee000 	C:\Users\andre\.p2\pool\plugins\org.eclipse.justj.openjdk.hotspot.jre.full.win32.x86_64_14.0.2.v20200815-0932\jre\bin\instrument.dll
0x00007ffc88140000 - 0x00007ffc88156000 	C:\Users\andre\.p2\pool\plugins\org.eclipse.justj.openjdk.hotspot.jre.full.win32.x86_64_14.0.2.v20200815-0932\jre\bin\zip.dll
0x00007ffd01a30000 - 0x00007ffd02172000 	C:\Windows\System32\SHELL32.dll
0x00007ffcfefb0000 - 0x00007ffcff741000 	C:\Windows\SYSTEM32\windows.storage.dll
0x00007ffd02780000 - 0x00007ffd02ad5000 	C:\Windows\System32\combase.dll
0x00007ffd00810000 - 0x00007ffd0083c000 	C:\Windows\SYSTEM32\Wldp.dll
0x00007ffd02c80000 - 0x00007ffd02d2e000 	C:\Windows\System32\SHCORE.dll
0x00007ffd033c0000 - 0x00007ffd03415000 	C:\Windows\System32\shlwapi.dll
0x00007ffd00db0000 - 0x00007ffd00dcf000 	C:\Windows\SYSTEM32\profapi.dll
0x00007ffcba650000 - 0x00007ffcba65b000 	C:\Users\andre\.p2\pool\plugins\org.eclipse.justj.openjdk.hotspot.jre.full.win32.x86_64_14.0.2.v20200815-0932\jre\bin\dt_socket.dll
0x00007ffd00270000 - 0x00007ffd002ab000 	C:\Windows\SYSTEM32\IPHLPAPI.DLL
0x00007ffd00580000 - 0x00007ffd005ea000 	C:\Windows\system32\mswsock.dll
0x00007ffd002b0000 - 0x00007ffd0037c000 	C:\Windows\SYSTEM32\DNSAPI.dll
0x00007ffd031b0000 - 0x00007ffd031b8000 	C:\Windows\System32\NSI.dll
0x0000000069e50000 - 0x0000000069e76000 	C:\Program Files\Bonjour\mdnsNSP.dll
0x00007ffcf92a0000 - 0x00007ffcf92aa000 	C:\Windows\System32\rasadhlp.dll
0x00007ffcf6c50000 - 0x00007ffcf6ccf000 	C:\Windows\System32\fwpuclnt.dll
0x00007ffd01400000 - 0x00007ffd01427000 	C:\Windows\System32\bcrypt.dll
0x00007ffc89290000 - 0x00007ffc892a9000 	C:\Users\andre\.p2\pool\plugins\org.eclipse.justj.openjdk.hotspot.jre.full.win32.x86_64_14.0.2.v20200815-0932\jre\bin\net.dll
0x00007ffcf8de0000 - 0x00007ffcf8eeb000 	C:\Windows\SYSTEM32\WINHTTP.dll
0x00007ffc89270000 - 0x00007ffc89282000 	C:\Users\andre\.p2\pool\plugins\org.eclipse.justj.openjdk.hotspot.jre.full.win32.x86_64_14.0.2.v20200815-0932\jre\bin\nio.dll
0x00007ffcd1880000 - 0x00007ffcd1890000 	C:\Users\andre\.p2\pool\plugins\org.eclipse.justj.openjdk.hotspot.jre.full.win32.x86_64_14.0.2.v20200815-0932\jre\bin\verify.dll

dbghelp: loaded successfully - version: 4.0.5 - missing functions: none
symbol engine: initialized successfully - sym options: 0x614 - pdb path: .;C:\Users\andre\.p2\pool\plugins\org.eclipse.justj.openjdk.hotspot.jre.full.win32.x86_64_14.0.2.v20200815-0932\jre\bin;C:\Windows\SYSTEM32;C:\Windows\WinSxS\amd64_microsoft.windows.common-controls_6595b64144ccf1df_6.0.19041.844_none_ca00b6081b84eb1d;C:\Users\andre\.p2\pool\plugins\org.eclipse.justj.openjdk.hotspot.jre.full.win32.x86_64_14.0.2.v20200815-0932\jre\bin\server;C:\Program Files\Bonjour

VM Arguments:
jvm_args: -XX:+ShowCodeDetailsInExceptionMessages -agentlib:jdwp=transport=dt_socket,suspend=y,address=localhost:64566 -javaagent:D:\Archivo de programas\java-2020-09\eclipse\configuration\org.eclipse.osgi\215\0\.cp\lib\javaagent-shaded.jar -Dfile.encoding=Cp1252 
java_command: Tasks.Task4.main
java_class_path (initial): D:\Documentos\GitHub\ProgrammingMethodology\bin
Launcher Type: SUN_STANDARD

[Global flags]
     intx CICompilerCount                          = 4                                         {product} {ergonomic}
     uint ConcGCThreads                            = 3                                         {product} {ergonomic}
     uint G1ConcRefinementThreads                  = 10                                        {product} {ergonomic}
   size_t G1HeapRegionSize                         = 1048576                                   {product} {ergonomic}
    uintx GCDrainStackTargetSize                   = 64                                        {product} {ergonomic}
   size_t InitialHeapSize                          = 268435456                                 {product} {ergonomic}
   size_t MarkStackSize                            = 4194304                                   {product} {ergonomic}
   size_t MaxHeapSize                              = 4282384384                                {product} {ergonomic}
   size_t MaxNewSize                               = 2569011200                                {product} {ergonomic}
   size_t MinHeapDeltaBytes                        = 1048576                                   {product} {ergonomic}
   size_t MinHeapSize                              = 8388608                                   {product} {ergonomic}
    uintx NonNMethodCodeHeapSize                   = 5839372                                {pd product} {ergonomic}
    uintx NonProfiledCodeHeapSize                  = 122909434                              {pd product} {ergonomic}
    uintx ProfiledCodeHeapSize                     = 122909434                              {pd product} {ergonomic}
    uintx ReservedCodeCacheSize                    = 251658240                              {pd product} {ergonomic}
     bool SegmentedCodeCache                       = true                                      {product} {ergonomic}
     bool ShowCodeDetailsInExceptionMessages       = true                                   {manageable} {command line}
   size_t SoftMaxHeapSize                          = 4282384384                             {manageable} {ergonomic}
     bool UseCompressedClassPointers               = true                                 {lp64_product} {ergonomic}
     bool UseCompressedOops                        = true                                 {lp64_product} {ergonomic}
     bool UseG1GC                                  = true                                      {product} {ergonomic}
     bool UseLargePagesIndividualAllocation        = false                                  {pd product} {ergonomic}

Logging:
Log output configuration:
 #0: stdout all=warning uptime,level,tags
 #1: stderr all=off uptime,level,tags

Environment Variables:
PATH=C:\Users\andre\.p2\pool\plugins\org.eclipse.justj.openjdk.hotspot.jre.full.win32.x86_64_14.0.2.v20200815-0932\jre\bin;C:/Users/andre/.p2/pool/plugins/org.eclipse.justj.openjdk.hotspot.jre.full.win32.x86_64_14.0.2.v20200815-0932/jre/bin/server;C:/Users/andre/.p2/pool/plugins/org.eclipse.justj.openjdk.hotspot.jre.full.win32.x86_64_14.0.2.v20200815-0932/jre/bin;C:\Program Files (x86)\Common Files\Intel\Shared Libraries\redist\intel64\compiler;C:\Windows\system32;C:\Windows;C:\Windows\System32\Wbem;C:\Windows\System32\WindowsPowerShell\v1.0\;C:\Windows\System32\OpenSSH\;C:\Program Files (x86)\NVIDIA Corporation\PhysX\Common;D:\Archivo de programas\QuickTime\QTSystem\;D:\Archivo de programas\CubeCoders Limited\AMP\;C:\Program Files\NVIDIA Corporation\NVIDIA NvDLISR;D:\Archivo de programas\NodeJs\;D:\Archivo de programas\Git\cmd;C:\Users\andre\AppData\Local\Microsoft\WindowsApps;D:\Archivo de programas\Microsoft VS Code\bin;C:\Users\andre\AppData\Roaming\npm;C:\Users\andre\AppData\Local\GitHubDesktop\bin;C:\Windows\system32;
USERNAME=andre
OS=Windows_NT
PROCESSOR_IDENTIFIER=AMD64 Family 23 Model 8 Stepping 2, AuthenticAMD



---------------  S Y S T E M  ---------------

OS: Windows 10 , 64 bit Build 19041 (10.0.19041.928)
OS uptime: 2 days 23:25 hours

CPU:total 12 (initial active 12) (12 cores per cpu, 2 threads per core) family 23 model 8 stepping 2, cmov, cx8, fxsr, mmx, sse, sse2, sse3, ssse3, sse4.1, sse4.2, popcnt, avx, avx2, aes, clmul, mmxext, 3dnowpref, lzcnt, sse4a, ht, tsc, tscinvbit, tscinv, bmi1, bmi2, adx, sha, fma

Memory: 4k page, system-wide physical 16329M (7695M free)
TotalPageFile size 25545M (AvailPageFile size 6871M)
current process WorkingSet (physical memory assigned to process): 48M, peak: 51M
current process commit charge ("private bytes"): 350M, peak: 352M

vm_info: OpenJDK 64-Bit Server VM (14.0.2+12-46) for windows-amd64 JRE (14.0.2+12-46), built on Jul  9 2020 00:31:16 by "mach5one" with MS VC++ 15.9 (VS2017)

END.
